<?xml version="1.0" encoding="UTF-8"?>
<testsuite xmlns:xsi="http://www.w3.org/2001/XMLSchema-instance" xsi:noNamespaceSchemaLocation="https://maven.apache.org/surefire/maven-surefire-plugin/xsd/surefire-test-report.xsd" name="service.UserServiceApplicationTests" time="0.769" tests="3" errors="0" skipped="0" failures="0">
  <properties>
[...]
</properties>
  <testcase name="addUserTest" classname="service.UserServiceApplicationTests" time="0.136"/>
  <testcase name="updateUserDataTest" classname="service.UserServiceApplicationTests" time="0.011"/>
  <testcase name="updateUserPasswordTest" classname="service.UserServiceApplicationTests" time="0.006"/>
</testsuite>